<?xml version="1.0" encoding="UTF-8" standalone="no"?>
<testsuite errors="0" failures="1" name="io.cucumber.core.plugin.JUnitFormatter" skipped="0" tests="1" time="10.173">
    <testcase classname="Title of your feature" name="the Authorized user can Add and Remove a book." time="9.453">
        <failure message="Cannot invoke &quot;java.util.List.size()&quot; because &quot;booksOfUser&quot; is null" type="java.lang.NullPointerException"><![CDATA[Given I am an authorized user...............................................passed
Given A list of books are available.........................................passed
When I add a book to my reading list........................................passed
Then the book is added......................................................passed
When I remove a book from my reading list...................................passed
Then the book is removed....................................................failed

StackTrace:
java.lang.NullPointerException: Cannot invoke "java.util.List.size()" because "booksOfUser" is null
	at com.apiTest.ApiTest.StepDefinition.bookIsRemoved(StepDefinition.java:103)
	at ✽.the book is removed(file:///C:/Users/AarthiGK/eclipse-workspace/ApiTest/Features/TestOne.feature:19)
]]></failure>
    </testcase>
</testsuite>
